   Compiling rust_dir v0.0.0 (/home/hzy/workdir/rust/c2rust/examples/mycode/gzip/rust_dir)
error[E0433]: failed to resolve: use of undeclared crate or module `src`
  --> src/inflate.rs:32:12
   |
32 |     pub v: src::inflate::C2RustUnnamed<'h0>,
   |            ^^^ use of undeclared crate or module `src`

error[E0433]: failed to resolve: use of undeclared crate or module `src`
  --> src/inflate.rs:38:17
   |
38 |     pub t: *mut src::inflate::huft<'h0>,
   |                 ^^^ use of undeclared crate or module `src`

error[E0106]: missing lifetime specifiers
  --> src/lib/asnprintf.rs:10:31
   |
10 | pub type __builtin_va_list = [__va_list_tag; 1];
   |                               ^^^^^^^^^^^^^ expected 2 lifetime parameters
   |
help: consider introducing a named lifetime parameter
   |
10 | pub type __builtin_va_list<'a> = [__va_list_tag<'a, 'a>; 1];
   |                           ++++                 ++++++++

error[E0106]: missing lifetime specifiers
 --> src/lib/fcntl.rs:7:31
  |
7 | pub type __builtin_va_list = [__va_list_tag; 1];
  |                               ^^^^^^^^^^^^^ expected 2 lifetime parameters
  |
help: consider introducing a named lifetime parameter
  |
7 | pub type __builtin_va_list<'a> = [__va_list_tag<'a, 'a>; 1];
  |                           ++++                 ++++++++

error[E0106]: missing lifetime specifiers
  --> src/lib/fprintf.rs:22:31
   |
22 | pub type __builtin_va_list = [__va_list_tag; 1];
   |                               ^^^^^^^^^^^^^ expected 2 lifetime parameters
   |
help: consider introducing a named lifetime parameter
   |
22 | pub type __builtin_va_list<'a> = [__va_list_tag<'a, 'a>; 1];
   |                           ++++                 ++++++++

error[E0433]: failed to resolve: use of undeclared crate or module `src`
  --> src/lib/fseterr.rs:26:24
   |
26 |     pub _chain: &'h19 (src::lib::fseterr::_IO_FILE<'h7,'h8,'h9,'h10,'h11,'h12,'h13,'h14,'h15,'h16,'h17,'h18,'h19,'h20,'h21,'h22,'h23,'h24>),
   |                        ^^^ use of undeclared crate or module `src`

error[E0433]: failed to resolve: use of undeclared crate or module `src`
  --> src/lib/fseterr.rs:37:31
   |
37 |     pub _freeres_list: &'h23 (src::lib::fseterr::_IO_FILE<'h7,'h8,'h9,'h10,'h11,'h12,'h13,'h14,'h15,'h16,'h17,'h18,'h19,'h20,'h21,'h22,'h...
   |                               ^^^ use of undeclared crate or module `src`

error[E0106]: missing lifetime specifiers
  --> src/lib/fseterr.rs:44:17
   |
44 | pub type FILE = _IO_FILE;
   |                 ^^^^^^^^ expected 18 lifetime parameters
   |
help: consider introducing a named lifetime parameter
   |
44 | pub type FILE<'a> = _IO_FILE<'a, 'a, 'a, 'a, 'a, 'a, 'a, 'a, 'a, 'a, 'a, 'a, 'a, 'a, 'a, 'a, 'a, 'a>;
   |              ++++           ++++++++++++++++++++++++++++++++++++++++++++++++++++++++++++++++++++++++

error[E0433]: failed to resolve: use of undeclared crate or module `src`
  --> src/lib/fseterr.rs:46:138
   |
46 | ...,'h14,'h15,'h16,'h17,'h18>(mut fp: &'h0 mut (src::lib::fseterr::_IO_FILE)) {
   |                                                 ^^^ use of undeclared crate or module `src`

error[E0106]: missing lifetime specifiers
 --> src/lib/open_safer.rs:6:31
  |
6 | pub type __builtin_va_list = [__va_list_tag; 1];
  |                               ^^^^^^^^^^^^^ expected 2 lifetime parameters
  |
help: consider introducing a named lifetime parameter
  |
6 | pub type __builtin_va_list<'a> = [__va_list_tag<'a, 'a>; 1];
  |                           ++++                 ++++++++

error[E0106]: missing lifetime specifiers
  --> src/lib/openat_safer.rs:11:31
   |
11 | pub type __builtin_va_list = [__va_list_tag; 1];
   |                               ^^^^^^^^^^^^^ expected 2 lifetime parameters
   |
help: consider introducing a named lifetime parameter
   |
11 | pub type __builtin_va_list<'a> = [__va_list_tag<'a, 'a>; 1];
   |                           ++++                 ++++++++

error[E0106]: missing lifetime specifiers
  --> src/lib/printf.rs:13:31
   |
13 | pub type __builtin_va_list = [__va_list_tag; 1];
   |                               ^^^^^^^^^^^^^ expected 2 lifetime parameters
   |
help: consider introducing a named lifetime parameter
   |
13 | pub type __builtin_va_list<'a> = [__va_list_tag<'a, 'a>; 1];
   |                           ++++                 ++++++++

error[E0433]: failed to resolve: use of undeclared crate or module `src`
  --> src/lib/printf_args.rs:41:12
   |
41 |     pub a: src::lib::printf_args::C2RustUnnamed<'h33,'h34,'h35,'h36,'h37,'h38,'h39,'h40>,
   |            ^^^ use of undeclared crate or module `src`

error[E0433]: failed to resolve: use of undeclared crate or module `src`
  --> src/lib/printf_args.rs:74:21
   |
74 |     pub arg: &'h41 (src::lib::printf_args::argument<'h33,'h34,'h35,'h36,'h37,'h38,'h39,'h40>),
   |                     ^^^ use of undeclared crate or module `src`

error[E0433]: failed to resolve: use of undeclared crate or module `src`
  --> src/lib/printf_args.rs:75:28
   |
75 |     pub direct_alloc_arg: [src::lib::printf_args::argument<'h33,'h34,'h35,'h36,'h37,'h38,'h39,'h40>; 7],
   |                            ^^^ use of undeclared crate or module `src`

error[E0433]: failed to resolve: use of undeclared crate or module `src`
  --> src/lib/printf_parse.rs:45:12
   |
45 |     pub a: src::lib::printf_parse::C2RustUnnamed<'h42,'h43,'h44,'h45,'h46,'h47,'h48,'h49>,
   |            ^^^ use of undeclared crate or module `src`

error[E0433]: failed to resolve: use of undeclared crate or module `src`
  --> src/lib/printf_parse.rs:78:21
   |
78 |     pub arg: &'h50 (src::lib::printf_parse::argument<'h42,'h43,'h44,'h45,'h46,'h47,'h48,'h49>),
   |                     ^^^ use of undeclared crate or module `src`

error[E0433]: failed to resolve: use of undeclared crate or module `src`
  --> src/lib/printf_parse.rs:79:28
   |
79 |     pub direct_alloc_arg: [src::lib::printf_parse::argument<'h42,'h43,'h44,'h45,'h46,'h47,'h48,'h49>; 7],
   |                            ^^^ use of undeclared crate or module `src`

error[E0433]: failed to resolve: use of undeclared crate or module `src`
   --> src/lib/printf_parse.rs:100:21
    |
100 |     pub dir: &'h57 (src::lib::printf_parse::char_directive<'h51,'h52,'h53,'h54,'h55,'h56>),
    |                     ^^^ use of undeclared crate or module `src`

error[E0433]: failed to resolve: use of undeclared crate or module `src`
   --> src/lib/printf_parse.rs:103:28
    |
103 |     pub direct_alloc_dir: [src::lib::printf_parse::char_directive<'h51,'h52,'h53,'h54,'h55,'h56>; 7],
    |                            ^^^ use of undeclared crate or module `src`

error[E0433]: failed to resolve: use of undeclared crate or module `src`
  --> src/lib/save_cwd.rs:48:59
   |
48 | pub unsafe extern "C" fn free_cwd<'h0,'h1>(mut cwd: &'h0 (src::lib::save_cwd::saved_cwd<'h1>)) {
   |                                                           ^^^ use of undeclared crate or module `src`

error[E0106]: missing lifetime specifier
  --> src/lib/sig_handler.rs:17:23
   |
17 | pub type __sigval_t = sigval;
   |                       ^^^^^^ expected named lifetime parameter
   |
help: consider introducing a named lifetime parameter
   |
17 | pub type __sigval_t<'a> = sigval<'a>;
   |                    ++++         ++++

error[E0433]: failed to resolve: use of undeclared crate or module `src`
  --> src/lib/sig_handler.rs:25:20
   |
25 |     pub _sifields: src::lib::sig_handler::C2RustUnnamed<'h60,'h62,'h61,'h63,'h64>,
   |                    ^^^ use of undeclared crate or module `src`

error[E0433]: failed to resolve: use of undeclared crate or module `src`
  --> src/lib/sig_handler.rs:32:17
   |
32 |     pub _timer: src::lib::sig_handler::C2RustUnnamed_7<'h60>,
   |                 ^^^ use of undeclared crate or module `src`

error[E0433]: failed to resolve: use of undeclared crate or module `src`
  --> src/lib/sig_handler.rs:33:14
   |
33 |     pub _rt: src::lib::sig_handler::C2RustUnnamed_6<'h60>,
   |              ^^^ use of undeclared crate or module `src`

error[E0433]: failed to resolve: use of undeclared crate or module `src`
  --> src/lib/sig_handler.rs:35:20
   |
35 |     pub _sigfault: src::lib::sig_handler::C2RustUnnamed_2<'h62,'h63,'h64>,
   |                    ^^^ use of undeclared crate or module `src`

error[E0433]: failed to resolve: use of undeclared crate or module `src`
  --> src/lib/sig_handler.rs:37:18
   |
37 |     pub _sigsys: src::lib::sig_handler::C2RustUnnamed_0<'h61>,
   |                  ^^^ use of undeclared crate or module `src`

error[E0433]: failed to resolve: use of undeclared crate or module `src`
  --> src/lib/sig_handler.rs:57:18
   |
57 |     pub _bounds: src::lib::sig_handler::C2RustUnnamed_3<'h63,'h64>,
   |                  ^^^ use of undeclared crate or module `src`

error[E0433]: failed to resolve: use of undeclared crate or module `src`
  --> src/lib/sig_handler.rs:62:20
   |
62 |     pub _addr_bnd: src::lib::sig_handler::C2RustUnnamed_4<'h63,'h64>,
   |                    ^^^ use of undeclared crate or module `src`

error[E0433]: failed to resolve: use of undeclared crate or module `src`
  --> src/lib/sig_handler.rs:85:20
   |
85 |     pub si_sigval: src::lib::sig_handler::sigval,
   |                    ^^^ use of undeclared crate or module `src`

error[E0433]: failed to resolve: use of undeclared crate or module `src`
  --> src/lib/sig_handler.rs:92:20
   |
92 |     pub si_sigval: src::lib::sig_handler::sigval,
   |                    ^^^ use of undeclared crate or module `src`

error[E0433]: failed to resolve: use of undeclared crate or module `src`
   --> src/lib/sig_handler.rs:104:30
    |
104 |     pub __sigaction_handler: src::lib::sig_handler::C2RustUnnamed_9<'h65,'h66,'h60,'h62,'h61,'h63,'h64>,
    |                              ^^^ use of undeclared crate or module `src`

error[E0433]: failed to resolve: use of undeclared crate or module `src`
   --> src/lib/sig_handler.rs:114:50
    |
114 |         unsafe extern "C" fn(libc::c_int, &'h65 (src::lib::sig_handler::siginfo_t<'h60,'h62,'h61,'h63,'h64>), &'h66 (libc::c_void)) -> (),
    |                                                  ^^^ use of undeclared crate or module `src`

error[E0433]: failed to resolve: use of undeclared crate or module `src`
   --> src/lib/sig_handler.rs:121:84
    |
121 | pub unsafe extern "C" fn get_handler<'h0,'h1,'h2,'h3,'h4,'h5,'h6,'h7>(mut a: &'h0 (src::lib::sig_handler::sigaction<'h1,'h2,'h3,'h4,'h5,'...
    |                                                                                    ^^^ use of undeclared crate or module `src`

warning: unnecessary parentheses around function argument
   --> src/deflate.rs:602:17
    |
602 |                 (if block_start >= 0 as libc::c_long {
    |                 ^
...
609 |                 }),
    |                  ^
    |
    = note: `#[warn(unused_parens)]` on by default
help: remove these parentheses
    |
602 ~                 if block_start >= 0 as libc::c_long {
603 |                     &mut *window
  ...
608 |                     0 as *mut libc::c_void as *mut libc::c_char
609 ~                 },
    |

warning: unnecessary parentheses around function argument
   --> src/deflate.rs:764:21
    |
764 |                     (if block_start >= 0 as libc::c_long {
    |                     ^
...
771 |                     }),
    |                      ^
    |
help: remove these parentheses
    |
764 ~                     if block_start >= 0 as libc::c_long {
765 |                         &mut *window
  ...
770 |                         0 as *mut libc::c_void as *mut libc::c_char
771 ~                     },
    |

warning: unnecessary parentheses around function argument
   --> src/deflate.rs:793:21
    |
793 |                     (if block_start >= 0 as libc::c_long {
    |                     ^
...
800 |                     }),
    |                      ^
    |
help: remove these parentheses
    |
793 ~                     if block_start >= 0 as libc::c_long {
794 |                         &mut *window
  ...
799 |                         0 as *mut libc::c_void as *mut libc::c_char
800 ~                     },
    |

warning: unnecessary parentheses around function argument
   --> src/deflate.rs:819:21
    |
819 |                     (if block_start >= 0 as libc::c_long {
    |                     ^
...
826 |                     }),
    |                      ^
    |
help: remove these parentheses
    |
819 ~                     if block_start >= 0 as libc::c_long {
820 |                         &mut *window
  ...
825 |                         0 as *mut libc::c_void as *mut libc::c_char
826 ~                     },
    |

warning: unnecessary parentheses around method argument
   --> src/inflate.rs:647:35
    |
647 |                     .wrapping_sub((if d > w { d } else { w }));
    |                                   ^                         ^
    |
help: remove these parentheses
    |
647 -                     .wrapping_sub((if d > w { d } else { w }));
647 +                     .wrapping_sub(if d > w { d } else { w });
    |

warning: unnecessary parentheses around type
  --> src/lib/asnprintf.rs:16:33
   |
16 |     pub overflow_arg_area: &'h1 (libc::c_void),
   |                                 ^            ^
   |
help: remove these parentheses
   |
16 -     pub overflow_arg_area: &'h1 (libc::c_void),
16 +     pub overflow_arg_area: &'h1 libc::c_void,
   |

warning: unnecessary parentheses around type
  --> src/lib/asnprintf.rs:17:29
   |
17 |     pub reg_save_area: &'h2 (libc::c_void),
   |                             ^            ^
   |
help: remove these parentheses
   |
17 -     pub reg_save_area: &'h2 (libc::c_void),
17 +     pub reg_save_area: &'h2 libc::c_void,
   |

warning: unnecessary parentheses around type
 --> src/lib/basename_lgpl.rs:8:21
  |
8 |     mut name: &'h0 [(libc::c_char)],
  |                     ^            ^
  |
help: remove these parentheses
  |
8 -     mut name: &'h0 [(libc::c_char)],
8 +     mut name: &'h0 [libc::c_char],
  |

warning: unnecessary parentheses around type
 --> src/lib/basename_lgpl.rs:9:11
  |
9 | ) -> &'h1 (libc::c_char) {
  |           ^            ^
  |
help: remove these parentheses
  |
9 - ) -> &'h1 (libc::c_char) {
9 + ) -> &'h1 libc::c_char {
  |

warning: unnecessary parentheses around type
  --> src/lib/basename_lgpl.rs:10:21
   |
10 |     let mut base: &[(libc::c_char)] = &(name)[((0 as libc::c_int as isize) as usize) ..];
   |                     ^            ^
   |
help: remove these parentheses
   |
10 -     let mut base: &[(libc::c_char)] = &(name)[((0 as libc::c_int as isize) as usize) ..];
10 +     let mut base: &[libc::c_char] = &(name)[((0 as libc::c_int as isize) as usize) ..];
   |

warning: unnecessary parentheses around type
  --> src/lib/basename_lgpl.rs:11:18
   |
11 |     let mut p: &[(libc::c_char)] = 0 as *const libc::c_char;
   |                  ^            ^
   |
help: remove these parentheses
   |
11 -     let mut p: &[(libc::c_char)] = 0 as *const libc::c_char;
11 +     let mut p: &[libc::c_char] = 0 as *const libc::c_char;
   |

warning: unnecessary parentheses around type
  --> src/lib/basename_lgpl.rs:31:56
   |
31 | pub unsafe extern "C" fn base_len<'h0>(mut name: &'h0 [(libc::c_char)]) -> size_t {
   |                                                        ^            ^
   |
help: remove these parentheses
   |
31 - pub unsafe extern "C" fn base_len<'h0>(mut name: &'h0 [(libc::c_char)]) -> size_t {
31 + pub unsafe extern "C" fn base_len<'h0>(mut name: &'h0 [libc::c_char]) -> size_t {
   |

warning: unnecessary parentheses around type
  --> src/lib/chdir_long.rs:38:54
   |
38 | unsafe extern "C" fn cdb_init<'h0>(mut cdb: &'h0 mut (cd_buf)) {
   |                                                      ^      ^
   |
help: remove these parentheses
   |
38 - unsafe extern "C" fn cdb_init<'h0>(mut cdb: &'h0 mut (cd_buf)) {
38 + unsafe extern "C" fn cdb_init<'h0>(mut cdb: &'h0 mut cd_buf) {
   |

warning: unnecessary parentheses around type
  --> src/lib/chdir_long.rs:50:52
   |
50 | unsafe extern "C" fn cdb_fchdir<'h0>(mut cdb: &'h0 (cd_buf)) -> libc::c_int {
   |                                                    ^      ^
   |
help: remove these parentheses
   |
50 - unsafe extern "C" fn cdb_fchdir<'h0>(mut cdb: &'h0 (cd_buf)) -> libc::c_int {
50 + unsafe extern "C" fn cdb_fchdir<'h0>(mut cdb: &'h0 cd_buf) -> libc::c_int {
   |

warning: unused label
  --> src/lib/chdir_long.rs:77:9
   |
77 |         'c_970: {
   |         ^^^^^^
   |
   = note: `#[warn(unused_labels)]` on by default

warning: unused label
   --> src/lib/chdir_long.rs:138:5
    |
138 |     'c_1569: {
    |     ^^^^^^^

warning: unused label
   --> src/lib/chdir_long.rs:164:5
    |
164 |     'c_1531: {
    |     ^^^^^^^

warning: unused label
   --> src/lib/chdir_long.rs:226:13
    |
226 |             'c_1360: {
    |             ^^^^^^^

warning: unused label
   --> src/lib/chdir_long.rs:252:13
    |
252 |             'c_1321: {
    |             ^^^^^^^

warning: unused label
   --> src/lib/chdir_long.rs:298:17
    |
298 |                 'c_1241: {
    |                 ^^^^^^^

warning: unnecessary parentheses around type
  --> src/lib/dirname_lgpl.rs:53:61
   |
53 | pub unsafe extern "C" fn mdir_name<'h0,'h1>(mut file: &'h0 [(libc::c_char)]) -> &'h1 core::cell::Cell<(libc::c_char)> {
   |                                                             ^            ^
   |
help: remove these parentheses
   |
53 - pub unsafe extern "C" fn mdir_name<'h0,'h1>(mut file: &'h0 [(libc::c_char)]) -> &'h1 core::cell::Cell<(libc::c_char)> {
53 + pub unsafe extern "C" fn mdir_name<'h0,'h1>(mut file: &'h0 [libc::c_char]) -> &'h1 core::cell::Cell<(libc::c_char)> {
   |

warning: unnecessary parentheses around type
  --> src/lib/dirname_lgpl.rs:53:103
   |
53 | pub unsafe extern "C" fn mdir_name<'h0,'h1>(mut file: &'h0 [(libc::c_char)]) -> &'h1 core::cell::Cell<(libc::c_char)> {
   |                                                                                                       ^            ^
   |
help: remove these parentheses
   |
53 - pub unsafe extern "C" fn mdir_name<'h0,'h1>(mut file: &'h0 [(libc::c_char)]) -> &'h1 core::cell::Cell<(libc::c_char)> {
53 + pub unsafe extern "C" fn mdir_name<'h0,'h1>(mut file: &'h0 [(libc::c_char)]) -> &'h1 core::cell::Cell<libc::c_char> {
   |

warning: unnecessary parentheses around type
  --> src/lib/dirname_lgpl.rs:59:37
   |
59 |     let mut dir: &[core::cell::Cell<(libc::c_char)>] = std::cell::Cell::from_mut((malloc(
   |                                     ^            ^
   |
help: remove these parentheses
   |
59 -     let mut dir: &[core::cell::Cell<(libc::c_char)>] = std::cell::Cell::from_mut((malloc(
59 +     let mut dir: &[core::cell::Cell<libc::c_char>] = std::cell::Cell::from_mut((malloc(
   |

warning: unnecessary parentheses around function argument
  --> src/lib/dirname_lgpl.rs:59:82
   |
59 |     let mut dir: &[core::cell::Cell<(libc::c_char)>] = std::cell::Cell::from_mut((malloc(
   |                                                                                  ^
...
63 |     )));
   |      ^
   |
help: remove these parentheses
   |
59 ~     let mut dir: &[core::cell::Cell<(libc::c_char)>] = std::cell::Cell::from_mut(malloc(
60 |         length
61 |             .wrapping_add(append_dot as libc::c_ulong)
62 |             .wrapping_add(1 as libc::c_int as libc::c_ulong),
63 ~     ));
   |

warning: unnecessary parentheses around method argument
  --> src/lib/dirname_lgpl.rs:76:61
   |
76 |         (&(&(dir)[((fresh0 as isize) as usize) ..])[0]).set(('.' as i32 as libc::c_char));
   |                                                             ^                          ^
   |
help: remove these parentheses
   |
76 -         (&(&(dir)[((fresh0 as isize) as usize) ..])[0]).set(('.' as i32 as libc::c_char));
76 +         (&(&(dir)[((fresh0 as isize) as usize) ..])[0]).set('.' as i32 as libc::c_char);
   |

warning: unnecessary parentheses around method argument
  --> src/lib/dirname_lgpl.rs:78:57
   |
78 |     (&(&(dir)[((length as isize) as usize) ..])[0]).set(('\0' as i32 as libc::c_char));
   |                                                         ^                           ^
   |
help: remove these parentheses
   |
78 -     (&(&(dir)[((length as isize) as usize) ..])[0]).set(('\0' as i32 as libc::c_char));
78 +     (&(&(dir)[((length as isize) as usize) ..])[0]).set('\0' as i32 as libc::c_char);
   |

warning: unnecessary parentheses around type
  --> src/lib/fcntl.rs:13:33
   |
13 |     pub overflow_arg_area: &'h3 (libc::c_void),
   |                                 ^            ^
   |
help: remove these parentheses
   |
13 -     pub overflow_arg_area: &'h3 (libc::c_void),
13 +     pub overflow_arg_area: &'h3 libc::c_void,
   |

warning: unnecessary parentheses around type
  --> src/lib/fcntl.rs:14:29
   |
14 |     pub reg_save_area: &'h4 (libc::c_void),
   |                             ^            ^
   |
help: remove these parentheses
   |
14 -     pub reg_save_area: &'h4 (libc::c_void),
14 +     pub reg_save_area: &'h4 libc::c_void,
   |

warning: unused import: `::libc`
 --> src/lib/fd_hook.rs:1:5
  |
1 | use ::libc;
  |     ^^^^^^
  |
  = note: `#[warn(unused_imports)]` on by default

warning: unnecessary parentheses around method argument
  --> src/lib/fd_safer.rs:13:34
   |
13 |         (__errno_location()).set((e));
   |                                  ^ ^
   |
help: remove these parentheses
   |
13 -         (__errno_location()).set((e));
13 +         (__errno_location()).set(e);
   |

warning: unnecessary parentheses around method argument
  --> src/lib/fd_safer_flag.rs:16:34
   |
16 |         (__errno_location()).set((e));
   |                                  ^ ^
   |
help: remove these parentheses
   |
16 -         (__errno_location()).set((e));
16 +         (__errno_location()).set(e);
   |

warning: unnecessary parentheses around type
  --> src/lib/fprintf.rs:28:33
   |
28 |     pub overflow_arg_area: &'h5 (libc::c_void),
   |                                 ^            ^
   |
help: remove these parentheses
   |
28 -     pub overflow_arg_area: &'h5 (libc::c_void),
28 +     pub overflow_arg_area: &'h5 libc::c_void,
   |

warning: unnecessary parentheses around type
  --> src/lib/fprintf.rs:29:29
   |
29 |     pub reg_save_area: &'h6 (libc::c_void),
   |                             ^            ^
   |
help: remove these parentheses
   |
29 -     pub reg_save_area: &'h6 (libc::c_void),
29 +     pub reg_save_area: &'h6 libc::c_void,
   |

warning: unused import: `::libc`
 --> src/lib/freading.rs:1:5
  |
1 | use ::libc;
  |     ^^^^^^

warning: unnecessary parentheses around type
  --> src/lib/fseterr.rs:14:28
   |
14 |     pub _IO_read_ptr: &'h7 (libc::c_char),
   |                            ^            ^
   |
help: remove these parentheses
   |
14 -     pub _IO_read_ptr: &'h7 (libc::c_char),
14 +     pub _IO_read_ptr: &'h7 libc::c_char,
   |

warning: unnecessary parentheses around type
  --> src/lib/fseterr.rs:15:28
   |
15 |     pub _IO_read_end: &'h8 (libc::c_char),
   |                            ^            ^
   |
help: remove these parentheses
   |
15 -     pub _IO_read_end: &'h8 (libc::c_char),
15 +     pub _IO_read_end: &'h8 libc::c_char,
   |

warning: unnecessary parentheses around type
  --> src/lib/fseterr.rs:16:29
   |
16 |     pub _IO_read_base: &'h9 (libc::c_char),
   |                             ^            ^
   |
help: remove these parentheses
   |
16 -     pub _IO_read_base: &'h9 (libc::c_char),
16 +     pub _IO_read_base: &'h9 libc::c_char,
   |

warning: unnecessary parentheses around type
  --> src/lib/fseterr.rs:17:31
   |
17 |     pub _IO_write_base: &'h10 (libc::c_char),
   |                               ^            ^
   |
help: remove these parentheses
   |
17 -     pub _IO_write_base: &'h10 (libc::c_char),
17 +     pub _IO_write_base: &'h10 libc::c_char,
   |

warning: unnecessary parentheses around type
  --> src/lib/fseterr.rs:18:30
   |
18 |     pub _IO_write_ptr: &'h11 (libc::c_char),
   |                              ^            ^
   |
help: remove these parentheses
   |
18 -     pub _IO_write_ptr: &'h11 (libc::c_char),
18 +     pub _IO_write_ptr: &'h11 libc::c_char,
   |

warning: unnecessary parentheses around type
  --> src/lib/fseterr.rs:19:30
   |
19 |     pub _IO_write_end: &'h12 (libc::c_char),
   |                              ^            ^
   |
help: remove these parentheses
   |
19 -     pub _IO_write_end: &'h12 (libc::c_char),
19 +     pub _IO_write_end: &'h12 libc::c_char,
   |

warning: unnecessary parentheses around type
  --> src/lib/fseterr.rs:20:29
   |
20 |     pub _IO_buf_base: &'h13 (libc::c_char),
   |                             ^            ^
   |
help: remove these parentheses
   |
20 -     pub _IO_buf_base: &'h13 (libc::c_char),
20 +     pub _IO_buf_base: &'h13 libc::c_char,
   |

warning: unnecessary parentheses around type
  --> src/lib/fseterr.rs:21:28
   |
21 |     pub _IO_buf_end: &'h14 (libc::c_char),
   |                            ^            ^
   |
help: remove these parentheses
   |
21 -     pub _IO_buf_end: &'h14 (libc::c_char),
21 +     pub _IO_buf_end: &'h14 libc::c_char,
   |

warning: unnecessary parentheses around type
  --> src/lib/fseterr.rs:22:30
   |
22 |     pub _IO_save_base: &'h15 (libc::c_char),
   |                              ^            ^
   |
help: remove these parentheses
   |
22 -     pub _IO_save_base: &'h15 (libc::c_char),
22 +     pub _IO_save_base: &'h15 libc::c_char,
   |

warning: unnecessary parentheses around type
  --> src/lib/fseterr.rs:23:32
   |
23 |     pub _IO_backup_base: &'h16 (libc::c_char),
   |                                ^            ^
   |
help: remove these parentheses
   |
23 -     pub _IO_backup_base: &'h16 (libc::c_char),
23 +     pub _IO_backup_base: &'h16 libc::c_char,
   |

warning: unnecessary parentheses around type
  --> src/lib/fseterr.rs:24:29
   |
24 |     pub _IO_save_end: &'h17 (libc::c_char),
   |                             ^            ^
   |
help: remove these parentheses
   |
24 -     pub _IO_save_end: &'h17 (libc::c_char),
24 +     pub _IO_save_end: &'h17 libc::c_char,
   |

warning: unnecessary parentheses around type
  --> src/lib/fseterr.rs:25:25
   |
25 |     pub _markers: &'h18 (_IO_marker),
   |                         ^          ^
   |
help: remove these parentheses
   |
25 -     pub _markers: &'h18 (_IO_marker),
25 +     pub _markers: &'h18 _IO_marker,
   |

warning: unnecessary parentheses around type
  --> src/lib/fseterr.rs:26:23
   |
26 |     pub _chain: &'h19 (src::lib::fseterr::_IO_FILE<'h7,'h8,'h9,'h10,'h11,'h12,'h13,'h14,'h15,'h16,'h17,'h18,'h19,'h20,'h21,'h22,'h23,'h24>),
   |                       ^                                                                                                                   ^
   |
help: remove these parentheses
   |
26 -     pub _chain: &'h19 (src::lib::fseterr::_IO_FILE<'h7,'h8,'h9,'h10,'h11,'h12,'h13,'h14,'h15,'h16,'h17,'h18,'h19,'h20,'h21,'h22,'h23,'h24>),
26 +     pub _chain: &'h19 src::lib::fseterr::_IO_FILE<'h7,'h8,'h9,'h10,'h11,'h12,'h13,'h14,'h15,'h16,'h17,'h18,'h19,'h20,'h21,'h22,'h23,'h24>,
   |

warning: unnecessary parentheses around type
  --> src/lib/fseterr.rs:33:22
   |
33 |     pub _lock: &'h20 (libc::c_void),
   |                      ^            ^
   |
help: remove these parentheses
   |
33 -     pub _lock: &'h20 (libc::c_void),
33 +     pub _lock: &'h20 libc::c_void,
   |

warning: unnecessary parentheses around type
  --> src/lib/fseterr.rs:35:25
   |
35 |     pub _codecvt: &'h21 (_IO_codecvt),
   |                         ^           ^
   |
help: remove these parentheses
   |
35 -     pub _codecvt: &'h21 (_IO_codecvt),
35 +     pub _codecvt: &'h21 _IO_codecvt,
   |

warning: unnecessary parentheses around type
  --> src/lib/fseterr.rs:36:27
   |
36 |     pub _wide_data: &'h22 (_IO_wide_data),
   |                           ^             ^
   |
help: remove these parentheses
   |
36 -     pub _wide_data: &'h22 (_IO_wide_data),
36 +     pub _wide_data: &'h22 _IO_wide_data,
   |

warning: unnecessary parentheses around type
  --> src/lib/fseterr.rs:37:30
   |
37 | ...: &'h23 (src::lib::fseterr::_IO_FILE<'h7,'h8,'h9,'h10,'h11,'h12,'h13,'h14,'h15,'h16,'h17,'h18,'h19,'h20,'h21,'h22,'h23,'h24>),
   |            ^                                                                                                                   ^
   |
help: remove these parentheses
   |
37 -     pub _freeres_list: &'h23 (src::lib::fseterr::_IO_FILE<'h7,'h8,'h9,'h10,'h11,'h12,'h13,'h14,'h15,'h16,'h17,'h18,'h19,'h20,'h21,'h22,'h23,'h24>),
37 +     pub _freeres_list: &'h23 src::lib::fseterr::_IO_FILE<'h7,'h8,'h9,'h10,'h11,'h12,'h13,'h14,'h15,'h16,'h17,'h18,'h19,'h20,'h21,'h22,'h23,'h24>,
   |

warning: unnecessary parentheses around type
  --> src/lib/fseterr.rs:38:29
   |
38 |     pub _freeres_buf: &'h24 (libc::c_void),
   |                             ^            ^
   |
help: remove these parentheses
   |
38 -     pub _freeres_buf: &'h24 (libc::c_void),
38 +     pub _freeres_buf: &'h24 libc::c_void,
   |

warning: unnecessary parentheses around type
  --> src/lib/fseterr.rs:46:137
   |
46 | ...h12,'h13,'h14,'h15,'h16,'h17,'h18>(mut fp: &'h0 mut (src::lib::fseterr::_IO_FILE)) {
   |                                                        ^                           ^
   |
help: remove these parentheses
   |
46 - pub unsafe extern "C" fn fseterr<'h0,'h1,'h2,'h3,'h4,'h5,'h6,'h7,'h8,'h9,'h10,'h11,'h12,'h13,'h14,'h15,'h16,'h17,'h18>(mut fp: &'h0 mut (src::lib::fseterr::_IO_FILE)) {
46 + pub unsafe extern "C" fn fseterr<'h0,'h1,'h2,'h3,'h4,'h5,'h6,'h7,'h8,'h9,'h10,'h11,'h12,'h13,'h14,'h15,'h16,'h17,'h18>(mut fp: &'h0 mut src::lib::fseterr::_IO_FILE) {
   |

warning: unnecessary parentheses around type
  --> src/lib/gettime.rs:16:56
   |
16 | pub unsafe extern "C" fn gettime<'h0>(mut ts: &'h0 mut (timespec)) {
   |                                                        ^        ^
   |
help: remove these parentheses
   |
16 - pub unsafe extern "C" fn gettime<'h0>(mut ts: &'h0 mut (timespec)) {
16 + pub unsafe extern "C" fn gettime<'h0>(mut ts: &'h0 mut timespec) {
   |

warning: unnecessary parentheses around assigned value
   --> src/lib/glthread/lock.rs:160:46
    |
160 |     let mut firstbyte: &mut (libc::c_char) = (once_control);
    |                                              ^            ^
    |
help: remove these parentheses
    |
160 -     let mut firstbyte: &mut (libc::c_char) = (once_control);
160 +     let mut firstbyte: &mut (libc::c_char) = once_control;
    |

warning: unnecessary parentheses around type
   --> src/lib/glthread/lock.rs:160:29
    |
160 |     let mut firstbyte: &mut (libc::c_char) = (once_control);
    |                             ^            ^
    |
help: remove these parentheses
    |
160 -     let mut firstbyte: &mut (libc::c_char) = (once_control);
160 +     let mut firstbyte: &mut libc::c_char = (once_control);
    |

warning: unused import: `::libc`
 --> src/lib/glthread/threadlib.rs:1:5
  |
1 | use ::libc;
  |     ^^^^^^

warning: unused import: `::libc`
 --> src/lib/localtime_buffer.rs:1:5
  |
1 | use ::libc;
  |     ^^^^^^

warning: unnecessary parentheses around type
  --> src/lib/malloca.rs:52:23
   |
52 |         let mut mem: &(libc::c_void) = &(&((p as *mut libc::c_char))[((-(*&(&((p))[((-(1 as libc::c_int) as isize) as usize) ..])[0]
   |                       ^            ^
   |
help: remove these parentheses
   |
52 -         let mut mem: &(libc::c_void) = &(&((p as *mut libc::c_char))[((-(*&(&((p))[((-(1 as libc::c_int) as isize) as usize) ..])[0]
52 +         let mut mem: &libc::c_void = &(&((p as *mut libc::c_char))[((-(*&(&((p))[((-(1 as libc::c_int) as isize) as usize) ..])[0]
   |

warning: unused import: `::libc`
 --> src/lib/math.rs:1:5
  |
1 | use ::libc;
  |     ^^^^^^

warning: unnecessary parentheses around type
  --> src/lib/open_safer.rs:12:34
   |
12 |     pub overflow_arg_area: &'h25 (libc::c_void),
   |                                  ^            ^
   |
help: remove these parentheses
   |
12 -     pub overflow_arg_area: &'h25 (libc::c_void),
12 +     pub overflow_arg_area: &'h25 libc::c_void,
   |

warning: unnecessary parentheses around type
  --> src/lib/open_safer.rs:13:30
   |
13 |     pub reg_save_area: &'h26 (libc::c_void),
   |                              ^            ^
   |
help: remove these parentheses
   |
13 -     pub reg_save_area: &'h26 (libc::c_void),
13 +     pub reg_save_area: &'h26 libc::c_void,
   |

warning: unnecessary parentheses around type
  --> src/lib/openat_safer.rs:17:34
   |
17 |     pub overflow_arg_area: &'h27 (libc::c_void),
   |                                  ^            ^
   |
help: remove these parentheses
   |
17 -     pub overflow_arg_area: &'h27 (libc::c_void),
17 +     pub overflow_arg_area: &'h27 libc::c_void,
   |

warning: unnecessary parentheses around type
  --> src/lib/openat_safer.rs:18:30
   |
18 |     pub reg_save_area: &'h28 (libc::c_void),
   |                              ^            ^
   |
help: remove these parentheses
   |
18 -     pub reg_save_area: &'h28 (libc::c_void),
18 +     pub reg_save_area: &'h28 libc::c_void,
   |

warning: unnecessary parentheses around type
 --> src/lib/pipe_safer.rs:9:60
  |
9 | pub unsafe extern "C" fn pipe_safer<'h0>(mut fd: &'h0 mut [(libc::c_int)]) -> libc::c_int {
  |                                                            ^           ^
  |
help: remove these parentheses
  |
9 - pub unsafe extern "C" fn pipe_safer<'h0>(mut fd: &'h0 mut [(libc::c_int)]) -> libc::c_int {
9 + pub unsafe extern "C" fn pipe_safer<'h0>(mut fd: &'h0 mut [libc::c_int]) -> libc::c_int {
  |

warning: unnecessary parentheses around method argument
  --> src/lib/pipe_safer.rs:18:42
   |
18 |                 (__errno_location()).set((e));
   |                                          ^ ^
   |
help: remove these parentheses
   |
18 -                 (__errno_location()).set((e));
18 +                 (__errno_location()).set(e);
   |

warning: unnecessary parentheses around type
  --> src/lib/printf.rs:19:34
   |
19 |     pub overflow_arg_area: &'h29 (libc::c_void),
   |                                  ^            ^
   |
help: remove these parentheses
   |
19 -     pub overflow_arg_area: &'h29 (libc::c_void),
19 +     pub overflow_arg_area: &'h29 libc::c_void,
   |

warning: unnecessary parentheses around type
  --> src/lib/printf.rs:20:30
   |
20 |     pub reg_save_area: &'h30 (libc::c_void),
   |                              ^            ^
   |
help: remove these parentheses
   |
20 -     pub reg_save_area: &'h30 (libc::c_void),
20 +     pub reg_save_area: &'h30 libc::c_void,
   |

warning: unnecessary parentheses around type
 --> src/lib/printf_args.rs:7:34
  |
7 |     pub overflow_arg_area: &'h31 (libc::c_void),
  |                                  ^            ^
  |
help: remove these parentheses
  |
7 -     pub overflow_arg_area: &'h31 (libc::c_void),
7 +     pub overflow_arg_area: &'h31 libc::c_void,
  |

warning: unnecessary parentheses around type
 --> src/lib/printf_args.rs:8:30
  |
8 |     pub reg_save_area: &'h32 (libc::c_void),
  |                              ^            ^
  |
help: remove these parentheses
  |
8 -     pub reg_save_area: &'h32 (libc::c_void),
8 +     pub reg_save_area: &'h32 libc::c_void,
  |

warning: unnecessary parentheses around type
  --> src/lib/printf_args.rs:61:25
   |
61 |     pub a_string: &'h33 (libc::c_char),
   |                         ^            ^
   |
help: remove these parentheses
   |
61 -     pub a_string: &'h33 (libc::c_char),
61 +     pub a_string: &'h33 libc::c_char,
   |

warning: unnecessary parentheses around type
  --> src/lib/printf_args.rs:62:30
   |
62 |     pub a_wide_string: &'h34 (wchar_t),
   |                              ^       ^
   |
help: remove these parentheses
   |
62 -     pub a_wide_string: &'h34 (wchar_t),
62 +     pub a_wide_string: &'h34 wchar_t,
   |

warning: unnecessary parentheses around type
  --> src/lib/printf_args.rs:63:26
   |
63 |     pub a_pointer: &'h35 (libc::c_void),
   |                          ^            ^
   |
help: remove these parentheses
   |
63 -     pub a_pointer: &'h35 (libc::c_void),
63 +     pub a_pointer: &'h35 libc::c_void,
   |

warning: unnecessary parentheses around type
  --> src/lib/printf_args.rs:64:38
   |
64 |     pub a_count_schar_pointer: &'h36 (libc::c_schar),
   |                                      ^             ^
   |
help: remove these parentheses
   |
64 -     pub a_count_schar_pointer: &'h36 (libc::c_schar),
64 +     pub a_count_schar_pointer: &'h36 libc::c_schar,
   |

warning: unnecessary parentheses around type
  --> src/lib/printf_args.rs:65:38
   |
65 |     pub a_count_short_pointer: &'h37 (libc::c_short),
   |                                      ^             ^
   |
help: remove these parentheses
   |
65 -     pub a_count_short_pointer: &'h37 (libc::c_short),
65 +     pub a_count_short_pointer: &'h37 libc::c_short,
   |

warning: unnecessary parentheses around type
  --> src/lib/printf_args.rs:66:36
   |
66 |     pub a_count_int_pointer: &'h38 (libc::c_int),
   |                                    ^           ^
   |
help: remove these parentheses
   |
66 -     pub a_count_int_pointer: &'h38 (libc::c_int),
66 +     pub a_count_int_pointer: &'h38 libc::c_int,
   |

warning: unnecessary parentheses around type
  --> src/lib/printf_args.rs:67:40
   |
67 |     pub a_count_longint_pointer: &'h39 (libc::c_long),
   |                                        ^            ^
   |
help: remove these parentheses
   |
67 -     pub a_count_longint_pointer: &'h39 (libc::c_long),
67 +     pub a_count_longint_pointer: &'h39 libc::c_long,
   |

warning: unnecessary parentheses around type
  --> src/lib/printf_args.rs:68:44
   |
68 |     pub a_count_longlongint_pointer: &'h40 (libc::c_longlong),
   |                                            ^                ^
   |
help: remove these parentheses
   |
68 -     pub a_count_longlongint_pointer: &'h40 (libc::c_longlong),
68 +     pub a_count_longlongint_pointer: &'h40 libc::c_longlong,
   |

warning: unnecessary parentheses around type
  --> src/lib/printf_args.rs:74:20
   |
74 |     pub arg: &'h41 (src::lib::printf_args::argument<'h33,'h34,'h35,'h36,'h37,'h38,'h39,'h40>),
   |                    ^                                                                        ^
   |
help: remove these parentheses
   |
74 -     pub arg: &'h41 (src::lib::printf_args::argument<'h33,'h34,'h35,'h36,'h37,'h38,'h39,'h40>),
74 +     pub arg: &'h41 src::lib::printf_args::argument<'h33,'h34,'h35,'h36,'h37,'h38,'h39,'h40>,
   |

warning: unnecessary parentheses around assigned value
  --> src/lib/printf_frexpl.rs:15:13
   |
15 |     oldcw = ({
   |             ^
...
19 |     });
   |      ^
   |
help: remove these parentheses
   |
15 ~     oldcw = {
16 |         let mut _cw: fpucw_t = 0;
17 |         asm!("fnstcw [{0}]", in (reg) & mut _cw, options(preserves_flags));
18 |         _cw
19 ~     };
   |

warning: unnecessary parentheses around type
  --> src/lib/printf_parse.rs:65:25
   |
65 |     pub a_string: &'h42 (libc::c_char),
   |                         ^            ^
   |
help: remove these parentheses
   |
65 -     pub a_string: &'h42 (libc::c_char),
65 +     pub a_string: &'h42 libc::c_char,
   |

warning: unnecessary parentheses around type
  --> src/lib/printf_parse.rs:66:30
   |
66 |     pub a_wide_string: &'h43 (wchar_t),
   |                              ^       ^
   |
help: remove these parentheses
   |
66 -     pub a_wide_string: &'h43 (wchar_t),
66 +     pub a_wide_string: &'h43 wchar_t,
   |

warning: unnecessary parentheses around type
  --> src/lib/printf_parse.rs:67:26
   |
67 |     pub a_pointer: &'h44 (libc::c_void),
   |                          ^            ^
   |
help: remove these parentheses
   |
67 -     pub a_pointer: &'h44 (libc::c_void),
67 +     pub a_pointer: &'h44 libc::c_void,
   |

warning: unnecessary parentheses around type
  --> src/lib/printf_parse.rs:68:38
   |
68 |     pub a_count_schar_pointer: &'h45 (libc::c_schar),
   |                                      ^             ^
   |
help: remove these parentheses
   |
68 -     pub a_count_schar_pointer: &'h45 (libc::c_schar),
68 +     pub a_count_schar_pointer: &'h45 libc::c_schar,
   |

warning: unnecessary parentheses around type
  --> src/lib/printf_parse.rs:69:38
   |
69 |     pub a_count_short_pointer: &'h46 (libc::c_short),
   |                                      ^             ^
   |
help: remove these parentheses
   |
69 -     pub a_count_short_pointer: &'h46 (libc::c_short),
69 +     pub a_count_short_pointer: &'h46 libc::c_short,
   |

warning: unnecessary parentheses around type
  --> src/lib/printf_parse.rs:70:36
   |
70 |     pub a_count_int_pointer: &'h47 (libc::c_int),
   |                                    ^           ^
   |
help: remove these parentheses
   |
70 -     pub a_count_int_pointer: &'h47 (libc::c_int),
70 +     pub a_count_int_pointer: &'h47 libc::c_int,
   |

warning: unnecessary parentheses around type
  --> src/lib/printf_parse.rs:71:40
   |
71 |     pub a_count_longint_pointer: &'h48 (libc::c_long),
   |                                        ^            ^
   |
help: remove these parentheses
   |
71 -     pub a_count_longint_pointer: &'h48 (libc::c_long),
71 +     pub a_count_longint_pointer: &'h48 libc::c_long,
   |

warning: unnecessary parentheses around type
  --> src/lib/printf_parse.rs:72:44
   |
72 |     pub a_count_longlongint_pointer: &'h49 (libc::c_longlong),
   |                                            ^                ^
   |
help: remove these parentheses
   |
72 -     pub a_count_longlongint_pointer: &'h49 (libc::c_longlong),
72 +     pub a_count_longlongint_pointer: &'h49 libc::c_longlong,
   |

warning: unnecessary parentheses around type
  --> src/lib/printf_parse.rs:78:20
   |
78 |     pub arg: &'h50 (src::lib::printf_parse::argument<'h42,'h43,'h44,'h45,'h46,'h47,'h48,'h49>),
   |                    ^                                                                         ^
   |
help: remove these parentheses
   |
78 -     pub arg: &'h50 (src::lib::printf_parse::argument<'h42,'h43,'h44,'h45,'h46,'h47,'h48,'h49>),
78 +     pub arg: &'h50 src::lib::printf_parse::argument<'h42,'h43,'h44,'h45,'h46,'h47,'h48,'h49>,
   |

warning: unnecessary parentheses around type
  --> src/lib/printf_parse.rs:84:26
   |
84 |     pub dir_start: &'h51 (libc::c_char),
   |                          ^            ^
   |
help: remove these parentheses
   |
84 -     pub dir_start: &'h51 (libc::c_char),
84 +     pub dir_start: &'h51 libc::c_char,
   |

warning: unnecessary parentheses around type
  --> src/lib/printf_parse.rs:85:24
   |
85 |     pub dir_end: &'h52 (libc::c_char),
   |                        ^            ^
   |
help: remove these parentheses
   |
85 -     pub dir_end: &'h52 (libc::c_char),
85 +     pub dir_end: &'h52 libc::c_char,
   |

warning: unnecessary parentheses around type
  --> src/lib/printf_parse.rs:87:28
   |
87 |     pub width_start: &'h53 (libc::c_char),
   |                            ^            ^
   |
help: remove these parentheses
   |
87 -     pub width_start: &'h53 (libc::c_char),
87 +     pub width_start: &'h53 libc::c_char,
   |

warning: unnecessary parentheses around type
  --> src/lib/printf_parse.rs:88:26
   |
88 |     pub width_end: &'h54 (libc::c_char),
   |                          ^            ^
   |
help: remove these parentheses
   |
88 -     pub width_end: &'h54 (libc::c_char),
88 +     pub width_end: &'h54 libc::c_char,
   |

warning: unnecessary parentheses around type
  --> src/lib/printf_parse.rs:90:32
   |
90 |     pub precision_start: &'h55 (libc::c_char),
   |                                ^            ^
   |
help: remove these parentheses
   |
90 -     pub precision_start: &'h55 (libc::c_char),
90 +     pub precision_start: &'h55 libc::c_char,
   |

warning: unnecessary parentheses around type
  --> src/lib/printf_parse.rs:91:30
   |
91 |     pub precision_end: &'h56 (libc::c_char),
   |                              ^            ^
   |
help: remove these parentheses
   |
91 -     pub precision_end: &'h56 (libc::c_char),
91 +     pub precision_end: &'h56 libc::c_char,
   |

warning: unnecessary parentheses around type
   --> src/lib/printf_parse.rs:100:20
    |
100 |     pub dir: &'h57 (src::lib::printf_parse::char_directive<'h51,'h52,'h53,'h54,'h55,'h56>),
    |                    ^                                                                     ^
    |
help: remove these parentheses
    |
100 -     pub dir: &'h57 (src::lib::printf_parse::char_directive<'h51,'h52,'h53,'h54,'h55,'h56>),
100 +     pub dir: &'h57 src::lib::printf_parse::char_directive<'h51,'h52,'h53,'h54,'h55,'h56>,
    |

warning: unnecessary parentheses around type
  --> src/lib/save_cwd.rs:15:21
   |
15 |     pub name: &'h58 (libc::c_char),
   |                     ^            ^
   |
help: remove these parentheses
   |
15 -     pub name: &'h58 (libc::c_char),
15 +     pub name: &'h58 libc::c_char,
   |

warning: unnecessary parentheses around type
  --> src/lib/save_cwd.rs:48:58
   |
48 | pub unsafe extern "C" fn free_cwd<'h0,'h1>(mut cwd: &'h0 (src::lib::save_cwd::saved_cwd<'h1>)) {
   |                                                          ^                                  ^
   |
help: remove these parentheses
   |
48 - pub unsafe extern "C" fn free_cwd<'h0,'h1>(mut cwd: &'h0 (src::lib::save_cwd::saved_cwd<'h1>)) {
48 + pub unsafe extern "C" fn free_cwd<'h0,'h1>(mut cwd: &'h0 src::lib::save_cwd::saved_cwd<'h1>) {
   |

warning: unnecessary parentheses around type
  --> src/lib/savedir.rs:48:22
   |
48 |     pub name: &'h59 [(libc::c_char)],
   |                      ^            ^
   |
help: remove these parentheses
   |
48 -     pub name: &'h59 [(libc::c_char)],
48 +     pub name: &'h59 [libc::c_char],
   |

warning: unnecessary parentheses around block return value
   --> src/lib/savedir.rs:159:21
    |
159 |                     (if *entry.offset(1 as libc::c_int as isize) as libc::c_int
    |                     ^
...
165 |                     })
    |                      ^
    |
help: remove these parentheses
    |
159 ~                     if *entry.offset(1 as libc::c_int as isize) as libc::c_int
160 |                         != '.' as i32
  ...
164 |                         2 as libc::c_int
165 ~                     }
    |

warning: unnecessary parentheses around type
  --> src/lib/sig_handler.rs:15:26
   |
15 |     pub sival_ptr: &'h60 (libc::c_void),
   |                          ^            ^
   |
help: remove these parentheses
   |
15 -     pub sival_ptr: &'h60 (libc::c_void),
15 +     pub sival_ptr: &'h60 libc::c_void,
   |

warning: unnecessary parentheses around type
  --> src/lib/sig_handler.rs:42:27
   |
42 |     pub _call_addr: &'h61 (libc::c_void),
   |                           ^            ^
   |
help: remove these parentheses
   |
42 -     pub _call_addr: &'h61 (libc::c_void),
42 +     pub _call_addr: &'h61 libc::c_void,
   |

warning: unnecessary parentheses around type
  --> src/lib/sig_handler.rs:55:24
   |
55 |     pub si_addr: &'h62 (libc::c_void),
   |                        ^            ^
   |
help: remove these parentheses
   |
55 -     pub si_addr: &'h62 (libc::c_void),
55 +     pub si_addr: &'h62 libc::c_void,
   |

warning: unnecessary parentheses around type
  --> src/lib/sig_handler.rs:68:23
   |
68 |     pub _lower: &'h63 (libc::c_void),
   |                       ^            ^
   |
help: remove these parentheses
   |
68 -     pub _lower: &'h63 (libc::c_void),
68 +     pub _lower: &'h63 libc::c_void,
   |

warning: unnecessary parentheses around type
  --> src/lib/sig_handler.rs:69:23
   |
69 |     pub _upper: &'h64 (libc::c_void),
   |                       ^            ^
   |
help: remove these parentheses
   |
69 -     pub _upper: &'h64 (libc::c_void),
69 +     pub _upper: &'h64 libc::c_void,
   |

warning: unnecessary parentheses around type
   --> src/lib/sig_handler.rs:114:49
    |
114 |         unsafe extern "C" fn(libc::c_int, &'h65 (src::lib::sig_handler::siginfo_t<'h60,'h62,'h61,'h63,'h64>), &'h66 (libc::c_void)) -> (),
    |                                                 ^                                                          ^
    |
help: remove these parentheses
    |
114 -         unsafe extern "C" fn(libc::c_int, &'h65 (src::lib::sig_handler::siginfo_t<'h60,'h62,'h61,'h63,'h64>), &'h66 (libc::c_void)) -> (),
114 +         unsafe extern "C" fn(libc::c_int, &'h65 src::lib::sig_handler::siginfo_t<'h60,'h62,'h61,'h63,'h64>, &'h66 (libc::c_void)) -> (),
    |

warning: unnecessary parentheses around type
   --> src/lib/sig_handler.rs:114:117
    |
114 |         unsafe extern "C" fn(libc::c_int, &'h65 (src::lib::sig_handler::siginfo_t<'h60,'h62,'h61,'h63,'h64>), &'h66 (libc::c_void)) -> (),
    |                                                                                                                     ^            ^
    |
help: remove these parentheses
    |
114 -         unsafe extern "C" fn(libc::c_int, &'h65 (src::lib::sig_handler::siginfo_t<'h60,'h62,'h61,'h63,'h64>), &'h66 (libc::c_void)) -> (),
114 +         unsafe extern "C" fn(libc::c_int, &'h65 (src::lib::sig_handler::siginfo_t<'h60,'h62,'h61,'h63,'h64>), &'h66 libc::c_void) -> (),
    |

warning: unnecessary parentheses around type
   --> src/lib/sig_handler.rs:121:83
    |
121 | ...2,'h3,'h4,'h5,'h6,'h7>(mut a: &'h0 (src::lib::sig_handler::sigaction<'h1,'h2,'h3,'h4,'h5,'h6,'h7>)) -> std::option::Option<unsafe exte...
    |                                       ^                                                             ^
    |
help: remove these parentheses
    |
121 - pub unsafe extern "C" fn get_handler<'h0,'h1,'h2,'h3,'h4,'h5,'h6,'h7>(mut a: &'h0 (src::lib::sig_handler::sigaction<'h1,'h2,'h3,'h4,'h5,'h6,'h7>)) -> std::option::Option<unsafe extern "C" fn(i32)> {
121 + pub unsafe extern "C" fn get_handler<'h0,'h1,'h2,'h3,'h4,'h5,'h6,'h7>(mut a: &'h0 src::lib::sig_handler::sigaction<'h1,'h2,'h3,'h4,'h5,'h6,'h7>) -> std::option::Option<unsafe extern "C" fn(i32)> {
    |

warning: unnecessary parentheses around type
  --> src/lib/stat_time.rs:43:18
   |
43 |     mut st: &'h0 (stat),
   |                  ^    ^
   |
help: remove these parentheses
   |
43 -     mut st: &'h0 (stat),
43 +     mut st: &'h0 stat,
   |

warning: unnecessary parentheses around type
  --> src/lib/stat_time.rs:50:63
   |
50 | pub unsafe extern "C" fn get_stat_birthtime<'h0>(mut st: &'h0 (stat)) -> timespec {
   |                                                               ^    ^
   |
help: remove these parentheses
   |
50 - pub unsafe extern "C" fn get_stat_birthtime<'h0>(mut st: &'h0 (stat)) -> timespec {
50 + pub unsafe extern "C" fn get_stat_birthtime<'h0>(mut st: &'h0 stat) -> timespec {
   |

warning: unnecessary parentheses around type
  --> src/lib/stat_time.rs:59:59
   |
59 | pub unsafe extern "C" fn get_stat_mtime<'h0>(mut st: &'h0 (stat)) -> timespec {
   |                                                           ^    ^
   |
help: remove these parentheses
   |
59 - pub unsafe extern "C" fn get_stat_mtime<'h0>(mut st: &'h0 (stat)) -> timespec {
59 + pub unsafe extern "C" fn get_stat_mtime<'h0>(mut st: &'h0 stat) -> timespec {
   |

warning: unnecessary parentheses around type
  --> src/lib/stat_time.rs:65:59
   |
65 | pub unsafe extern "C" fn get_stat_ctime<'h0>(mut st: &'h0 (stat)) -> timespec {
   |                                                           ^    ^
   |
help: remove these parentheses
   |
65 - pub unsafe extern "C" fn get_stat_ctime<'h0>(mut st: &'h0 (stat)) -> timespec {
65 + pub unsafe extern "C" fn get_stat_ctime<'h0>(mut st: &'h0 stat) -> timespec {
   |

warning: unnecessary parentheses around type
  --> src/lib/stat_time.rs:71:59
   |
71 | pub unsafe extern "C" fn get_stat_atime<'h0>(mut st: &'h0 (stat)) -> timespec {
   |                                                           ^    ^
   |
help: remove these parentheses
   |
71 - pub unsafe extern "C" fn get_stat_atime<'h0>(mut st: &'h0 (stat)) -> timespec {
71 + pub unsafe extern "C" fn get_stat_atime<'h0>(mut st: &'h0 stat) -> timespec {
   |

warning: unnecessary parentheses around type
  --> src/lib/stat_time.rs:77:66
   |
77 | pub unsafe extern "C" fn get_stat_birthtime_ns<'h0>(mut st: &'h0 (stat)) -> libc::c_long {
   |                                                                  ^    ^
   |
help: remove these parentheses
   |
77 - pub unsafe extern "C" fn get_stat_birthtime_ns<'h0>(mut st: &'h0 (stat)) -> libc::c_long {
77 + pub unsafe extern "C" fn get_stat_birthtime_ns<'h0>(mut st: &'h0 stat) -> libc::c_long {
   |

warning: unnecessary parentheses around type
  --> src/lib/stat_time.rs:83:62
   |
83 | pub unsafe extern "C" fn get_stat_atime_ns<'h0>(mut st: &'h0 (stat)) -> libc::c_long {
   |                                                              ^    ^
   |
help: remove these parentheses
   |
83 - pub unsafe extern "C" fn get_stat_atime_ns<'h0>(mut st: &'h0 (stat)) -> libc::c_long {
83 + pub unsafe extern "C" fn get_stat_atime_ns<'h0>(mut st: &'h0 stat) -> libc::c_long {
   |

warning: unnecessary parentheses around type
  --> src/lib/stat_time.rs:89:62
   |
89 | pub unsafe extern "C" fn get_stat_ctime_ns<'h0>(mut st: &'h0 (stat)) -> libc::c_long {
   |                                                              ^    ^
   |
help: remove these parentheses
   |
89 - pub unsafe extern "C" fn get_stat_ctime_ns<'h0>(mut st: &'h0 (stat)) -> libc::c_long {
89 + pub unsafe extern "C" fn get_stat_ctime_ns<'h0>(mut st: &'h0 stat) -> libc::c_long {
   |

warning: unnecessary parentheses around type
  --> src/lib/stat_time.rs:95:62
   |
95 | pub unsafe extern "C" fn get_stat_mtime_ns<'h0>(mut st: &'h0 (stat)) -> libc::c_long {
   |                                                              ^    ^
   |
help: remove these parentheses
   |
95 - pub unsafe extern "C" fn get_stat_mtime_ns<'h0>(mut st: &'h0 (stat)) -> libc::c_long {
95 + pub unsafe extern "C" fn get_stat_mtime_ns<'h0>(mut st: &'h0 stat) -> libc::c_long {
   |

warning: unused import: `::libc`
 --> src/lib/unistd.rs:1:5
  |
1 | use ::libc;
  |     ^^^^^^

warning: unnecessary parentheses around type
  --> src/lib/utimens.rs:69:58
   |
69 | unsafe extern "C" fn get_stat_atime_ns<'h0>(mut st: &'h0 (stat)) -> libc::c_long {
   |                                                          ^    ^
   |
help: remove these parentheses
   |
69 - unsafe extern "C" fn get_stat_atime_ns<'h0>(mut st: &'h0 (stat)) -> libc::c_long {
69 + unsafe extern "C" fn get_stat_atime_ns<'h0>(mut st: &'h0 stat) -> libc::c_long {
   |

warning: unnecessary parentheses around type
  --> src/lib/utimens.rs:82:58
   |
82 | unsafe extern "C" fn get_stat_mtime_ns<'h0>(mut st: &'h0 (stat)) -> libc::c_long {
   |                                                          ^    ^
   |
help: remove these parentheses
   |
82 - unsafe extern "C" fn get_stat_mtime_ns<'h0>(mut st: &'h0 (stat)) -> libc::c_long {
82 + unsafe extern "C" fn get_stat_mtime_ns<'h0>(mut st: &'h0 stat) -> libc::c_long {
   |

warning: unnecessary parentheses around type
  --> src/lib/utimens.rs:95:55
   |
95 | unsafe extern "C" fn get_stat_atime<'h0>(mut st: &'h0 (stat)) -> timespec {
   |                                                       ^    ^
   |
help: remove these parentheses
   |
95 - unsafe extern "C" fn get_stat_atime<'h0>(mut st: &'h0 (stat)) -> timespec {
95 + unsafe extern "C" fn get_stat_atime<'h0>(mut st: &'h0 stat) -> timespec {
   |

warning: unnecessary parentheses around type
   --> src/lib/utimens.rs:108:55
    |
108 | unsafe extern "C" fn get_stat_mtime<'h0>(mut st: &'h0 (stat)) -> timespec {
    |                                                       ^    ^
    |
help: remove these parentheses
    |
108 - unsafe extern "C" fn get_stat_mtime<'h0>(mut st: &'h0 (stat)) -> timespec {
108 + unsafe extern "C" fn get_stat_mtime<'h0>(mut st: &'h0 stat) -> timespec {
    |

warning: unnecessary parentheses around type
   --> src/lib/utimens.rs:397:20
    |
397 |     mut file: &'h0 (libc::c_char),
    |                    ^            ^
    |
help: remove these parentheses
    |
397 -     mut file: &'h0 (libc::c_char),
397 +     mut file: &'h0 libc::c_char,
    |

warning: unnecessary parentheses around type
   --> src/lib/utimens.rs:398:24
    |
398 |     mut timespec: &'h1 (timespec),
    |                        ^        ^
    |
help: remove these parentheses
    |
398 -     mut timespec: &'h1 (timespec),
398 +     mut timespec: &'h1 timespec,
    |

warning: unnecessary parentheses around type
  --> src/lib/vasnprintf.rs:31:34
   |
31 |     pub overflow_arg_area: &'h67 (libc::c_void),
   |                                  ^            ^
   |
help: remove these parentheses
   |
31 -     pub overflow_arg_area: &'h67 (libc::c_void),
31 +     pub overflow_arg_area: &'h67 libc::c_void,
   |

warning: unnecessary parentheses around type
  --> src/lib/vasnprintf.rs:32:30
   |
32 |     pub reg_save_area: &'h68 (libc::c_void),
   |                              ^            ^
   |
help: remove these parentheses
   |
32 -     pub reg_save_area: &'h68 (libc::c_void),
32 +     pub reg_save_area: &'h68 libc::c_void,
   |

warning: unnecessary parentheses around type
  --> src/lib/vfprintf.rs:27:34
   |
27 |     pub overflow_arg_area: &'h69 (libc::c_void),
   |                                  ^            ^
   |
help: remove these parentheses
   |
27 -     pub overflow_arg_area: &'h69 (libc::c_void),
27 +     pub overflow_arg_area: &'h69 libc::c_void,
   |

warning: unnecessary parentheses around type
  --> src/lib/vfprintf.rs:28:30
   |
28 |     pub reg_save_area: &'h70 (libc::c_void),
   |                              ^            ^
   |
help: remove these parentheses
   |
28 -     pub reg_save_area: &'h70 (libc::c_void),
28 +     pub reg_save_area: &'h70 libc::c_void,
   |

warning: unnecessary parentheses around type
  --> src/lib/xmalloc.rs:29:17
   |
29 |     mut p: &'h0 (libc::c_void),
   |                 ^            ^
   |
help: remove these parentheses
   |
29 -     mut p: &'h0 (libc::c_void),
29 +     mut p: &'h0 libc::c_void,
   |

warning: unnecessary parentheses around type
  --> src/lib/xmalloc.rs:30:22
   |
30 |     mut pn: &'h1 mut (size_t),
   |                      ^      ^
   |
help: remove these parentheses
   |
30 -     mut pn: &'h1 mut (size_t),
30 +     mut pn: &'h1 mut size_t,
   |

warning: unnecessary parentheses around type
  --> src/lib/xmalloc.rs:32:11
   |
32 | ) -> &'h2 (libc::c_void) {
   |           ^            ^
   |
help: remove these parentheses
   |
32 - ) -> &'h2 (libc::c_void) {
32 + ) -> &'h2 libc::c_void {
   |

warning: unnecessary parentheses around type
  --> src/lib/xmalloc.rs:78:80
   |
78 | pub unsafe extern "C" fn xmalloc<'h0>(mut n: size_t) -> &'h0 [core::cell::Cell<(libc::c_void)>] {
   |                                                                                ^            ^
   |
help: remove these parentheses
   |
78 - pub unsafe extern "C" fn xmalloc<'h0>(mut n: size_t) -> &'h0 [core::cell::Cell<(libc::c_void)>] {
78 + pub unsafe extern "C" fn xmalloc<'h0>(mut n: size_t) -> &'h0 [core::cell::Cell<libc::c_void>] {
   |

warning: unnecessary parentheses around type
  --> src/lib/xmalloc.rs:79:35
   |
79 |     let mut p: &[core::cell::Cell<(libc::c_void)>] = malloc(n);
   |                                   ^            ^
   |
help: remove these parentheses
   |
79 -     let mut p: &[core::cell::Cell<(libc::c_void)>] = malloc(n);
79 +     let mut p: &[core::cell::Cell<libc::c_void>] = malloc(n);
   |

warning: unnecessary parentheses around type
  --> src/lib/xmalloc.rs:87:17
   |
87 |     mut p: &'h0 (libc::c_void),
   |                 ^            ^
   |
help: remove these parentheses
   |
87 -     mut p: &'h0 (libc::c_void),
87 +     mut p: &'h0 libc::c_void,
   |

warning: unnecessary parentheses around type
  --> src/lib/xmalloc.rs:89:11
   |
89 | ) -> &'h1 (libc::c_void) {
   |           ^            ^
   |
help: remove these parentheses
   |
89 - ) -> &'h1 (libc::c_void) {
89 + ) -> &'h1 libc::c_void {
   |

warning: unnecessary parentheses around type
   --> src/lib/xmalloc.rs:102:17
    |
102 |     mut p: &'h0 (libc::c_void),
    |                 ^            ^
    |
help: remove these parentheses
    |
102 -     mut p: &'h0 (libc::c_void),
102 +     mut p: &'h0 libc::c_void,
    |

warning: unnecessary parentheses around type
   --> src/lib/xmalloc.rs:103:22
    |
103 |     mut pn: &'h1 mut (size_t),
    |                      ^      ^
    |
help: remove these parentheses
    |
103 -     mut pn: &'h1 mut (size_t),
103 +     mut pn: &'h1 mut size_t,
    |

warning: unnecessary parentheses around type
   --> src/lib/xmalloc.rs:104:11
    |
104 | ) -> &'h2 (libc::c_void) {
    |           ^            ^
    |
help: remove these parentheses
    |
104 - ) -> &'h2 (libc::c_void) {
104 + ) -> &'h2 libc::c_void {
    |

warning: unnecessary parentheses around type
   --> src/lib/xmalloc.rs:108:62
    |
108 | pub unsafe extern "C" fn xzalloc<'h0>(mut s: size_t) -> &'h0 (libc::c_void) {
    |                                                              ^            ^
    |
help: remove these parentheses
    |
108 - pub unsafe extern "C" fn xzalloc<'h0>(mut s: size_t) -> &'h0 (libc::c_void) {
108 + pub unsafe extern "C" fn xzalloc<'h0>(mut s: size_t) -> &'h0 libc::c_void {
    |

warning: unnecessary parentheses around type
   --> src/lib/xmalloc.rs:112:77
    |
112 | pub unsafe extern "C" fn xcalloc<'h0>(mut n: size_t, mut s: size_t) -> &'h0 (libc::c_void) {
    |                                                                             ^            ^
    |
help: remove these parentheses
    |
112 - pub unsafe extern "C" fn xcalloc<'h0>(mut n: size_t, mut s: size_t) -> &'h0 (libc::c_void) {
112 + pub unsafe extern "C" fn xcalloc<'h0>(mut n: size_t, mut s: size_t) -> &'h0 libc::c_void {
    |

warning: unnecessary parentheses around type
   --> src/lib/xmalloc.rs:113:17
    |
113 |     let mut p: &(libc::c_void) = 0 as *mut libc::c_void;
    |                 ^            ^
    |
help: remove these parentheses
    |
113 -     let mut p: &(libc::c_void) = 0 as *mut libc::c_void;
113 +     let mut p: &libc::c_void = 0 as *mut libc::c_void;
    |

warning: unnecessary parentheses around type
   --> src/lib/xmalloc.rs:136:18
    |
136 |     mut p: &'h0 [(libc::c_void)],
    |                  ^            ^
    |
help: remove these parentheses
    |
136 -     mut p: &'h0 [(libc::c_void)],
136 +     mut p: &'h0 [libc::c_void],
    |

warning: unnecessary parentheses around type
   --> src/lib/xmalloc.rs:138:11
    |
138 | ) -> &'h1 (libc::c_void) {
    |           ^            ^
    |
help: remove these parentheses
    |
138 - ) -> &'h1 (libc::c_void) {
138 + ) -> &'h1 libc::c_void {
    |

warning: unnecessary parentheses around type
   --> src/lib/xmalloc.rs:147:61
    |
147 | pub unsafe extern "C" fn xstrdup<'h0,'h1>(mut string: &'h0 [(libc::c_char)]) -> &'h1 (libc::c_char) {
    |                                                             ^            ^
    |
help: remove these parentheses
    |
147 - pub unsafe extern "C" fn xstrdup<'h0,'h1>(mut string: &'h0 [(libc::c_char)]) -> &'h1 (libc::c_char) {
147 + pub unsafe extern "C" fn xstrdup<'h0,'h1>(mut string: &'h0 [libc::c_char]) -> &'h1 (libc::c_char) {
    |

warning: unnecessary parentheses around type
   --> src/lib/xmalloc.rs:147:86
    |
147 | pub unsafe extern "C" fn xstrdup<'h0,'h1>(mut string: &'h0 [(libc::c_char)]) -> &'h1 (libc::c_char) {
    |                                                                                      ^            ^
    |
help: remove these parentheses
    |
147 - pub unsafe extern "C" fn xstrdup<'h0,'h1>(mut string: &'h0 [(libc::c_char)]) -> &'h1 (libc::c_char) {
147 + pub unsafe extern "C" fn xstrdup<'h0,'h1>(mut string: &'h0 [(libc::c_char)]) -> &'h1 libc::c_char {
    |

warning: unnecessary parentheses around type
  --> src/trees.rs:41:43
   |
41 |     pub dyn_tree: &'h71 [core::cell::Cell<(ct_data)>],
   |                                           ^       ^
   |
help: remove these parentheses
   |
41 -     pub dyn_tree: &'h71 [core::cell::Cell<(ct_data)>],
41 +     pub dyn_tree: &'h71 [core::cell::Cell<ct_data>],
   |

warning: unnecessary parentheses around type
  --> src/trees.rs:42:29
   |
42 |     pub static_tree: &'h72 [(ct_data)],
   |                             ^       ^
   |
help: remove these parentheses
   |
42 -     pub static_tree: &'h72 [(ct_data)],
42 +     pub static_tree: &'h72 [ct_data],
   |

warning: unnecessary parentheses around type
  --> src/trees.rs:43:28
   |
43 |     pub extra_bits: &'h73 [(libc::c_int)],
   |                            ^           ^
   |
help: remove these parentheses
   |
43 -     pub extra_bits: &'h73 [(libc::c_int)],
43 +     pub extra_bits: &'h73 [libc::c_int],
   |

warning: unnecessary parentheses around type
   --> src/util.rs:557:59
    |
557 | pub unsafe extern "C" fn xunlink<'h0>(mut filename: &'h0 [(libc::c_char)]) -> libc::c_int {
    |                                                           ^            ^
    |
help: remove these parentheses
    |
557 - pub unsafe extern "C" fn xunlink<'h0>(mut filename: &'h0 [(libc::c_char)]) -> libc::c_int {
557 + pub unsafe extern "C" fn xunlink<'h0>(mut filename: &'h0 [libc::c_char]) -> libc::c_int {
    |

warning: unnecessary parentheses around type
   --> src/util.rs:562:68
    |
562 | pub unsafe extern "C" fn make_simple_name<'h0>(mut name: &'h0 mut [(libc::c_char)]) {
    |                                                                    ^            ^
    |
help: remove these parentheses
    |
562 - pub unsafe extern "C" fn make_simple_name<'h0>(mut name: &'h0 mut [(libc::c_char)]) {
562 + pub unsafe extern "C" fn make_simple_name<'h0>(mut name: &'h0 mut [libc::c_char]) {
    |

warning: unnecessary parentheses around type
   --> src/util.rs:563:35
    |
563 |     let mut p: &[core::cell::Cell<(libc::c_char)>] = strrchr(name, '.' as i32);
    |                                   ^            ^
    |
help: remove these parentheses
    |
563 -     let mut p: &[core::cell::Cell<(libc::c_char)>] = strrchr(name, '.' as i32);
563 +     let mut p: &[core::cell::Cell<libc::c_char>] = strrchr(name, '.' as i32);
    |

warning: unnecessary parentheses around method argument
   --> src/util.rs:574:21
    |
574 |             (p).set(('_' as i32 as libc::c_char));
    |                     ^                          ^
    |
help: remove these parentheses
    |
574 -             (p).set(('_' as i32 as libc::c_char));
574 +             (p).set('_' as i32 as libc::c_char);
    |

warning: the feature `asm` has been stable since 1.59.0 and no longer requires an attribute to enable
 --> lib.rs:8:12
  |
8 | #![feature(asm)]
  |            ^^^
  |
  = note: `#[warn(stable_features)]` on by default

error[E0392]: parameter `'h0` is never used
  --> src/inflate.rs:36:25
   |
36 | pub union C2RustUnnamed<'h0> {
   |                         ^^^ unused parameter
   |
   = help: consider removing `'h0`, referring to it in a field, or using a marker such as `PhantomData`

error[E0392]: parameter `'h33` is never used
  --> src/lib/printf_args.rs:72:27
   |
72 | pub struct arguments<'h41,'h33,'h34,'h35,'h36,'h37,'h38,'h39,'h40> {
   |                           ^^^^ unused parameter
   |
   = help: consider removing `'h33`, referring to it in a field, or using a marker such as `PhantomData`

error[E0392]: parameter `'h34` is never used
  --> src/lib/printf_args.rs:72:32
   |
72 | pub struct arguments<'h41,'h33,'h34,'h35,'h36,'h37,'h38,'h39,'h40> {
   |                                ^^^^ unused parameter
   |
   = help: consider removing `'h34`, referring to it in a field, or using a marker such as `PhantomData`

error[E0392]: parameter `'h35` is never used
  --> src/lib/printf_args.rs:72:37
   |
72 | pub struct arguments<'h41,'h33,'h34,'h35,'h36,'h37,'h38,'h39,'h40> {
   |                                     ^^^^ unused parameter
   |
   = help: consider removing `'h35`, referring to it in a field, or using a marker such as `PhantomData`

error[E0392]: parameter `'h36` is never used
  --> src/lib/printf_args.rs:72:42
   |
72 | pub struct arguments<'h41,'h33,'h34,'h35,'h36,'h37,'h38,'h39,'h40> {
   |                                          ^^^^ unused parameter
   |
   = help: consider removing `'h36`, referring to it in a field, or using a marker such as `PhantomData`

error[E0392]: parameter `'h37` is never used
  --> src/lib/printf_args.rs:72:47
   |
72 | pub struct arguments<'h41,'h33,'h34,'h35,'h36,'h37,'h38,'h39,'h40> {
   |                                               ^^^^ unused parameter
   |
   = help: consider removing `'h37`, referring to it in a field, or using a marker such as `PhantomData`

error[E0392]: parameter `'h38` is never used
  --> src/lib/printf_args.rs:72:52
   |
72 | pub struct arguments<'h41,'h33,'h34,'h35,'h36,'h37,'h38,'h39,'h40> {
   |                                                    ^^^^ unused parameter
   |
   = help: consider removing `'h38`, referring to it in a field, or using a marker such as `PhantomData`

error[E0392]: parameter `'h39` is never used
  --> src/lib/printf_args.rs:72:57
   |
72 | pub struct arguments<'h41,'h33,'h34,'h35,'h36,'h37,'h38,'h39,'h40> {
   |                                                         ^^^^ unused parameter
   |
   = help: consider removing `'h39`, referring to it in a field, or using a marker such as `PhantomData`

error[E0392]: parameter `'h40` is never used
  --> src/lib/printf_args.rs:72:62
   |
72 | pub struct arguments<'h41,'h33,'h34,'h35,'h36,'h37,'h38,'h39,'h40> {
   |                                                              ^^^^ unused parameter
   |
   = help: consider removing `'h40`, referring to it in a field, or using a marker such as `PhantomData`

error[E0392]: parameter `'h42` is never used
  --> src/lib/printf_parse.rs:76:27
   |
76 | pub struct arguments<'h50,'h42,'h43,'h44,'h45,'h46,'h47,'h48,'h49> {
   |                           ^^^^ unused parameter
   |
   = help: consider removing `'h42`, referring to it in a field, or using a marker such as `PhantomData`

error[E0392]: parameter `'h43` is never used
  --> src/lib/printf_parse.rs:76:32
   |
76 | pub struct arguments<'h50,'h42,'h43,'h44,'h45,'h46,'h47,'h48,'h49> {
   |                                ^^^^ unused parameter
   |
   = help: consider removing `'h43`, referring to it in a field, or using a marker such as `PhantomData`

error[E0392]: parameter `'h44` is never used
  --> src/lib/printf_parse.rs:76:37
   |
76 | pub struct arguments<'h50,'h42,'h43,'h44,'h45,'h46,'h47,'h48,'h49> {
   |                                     ^^^^ unused parameter
   |
   = help: consider removing `'h44`, referring to it in a field, or using a marker such as `PhantomData`

error[E0392]: parameter `'h45` is never used
  --> src/lib/printf_parse.rs:76:42
   |
76 | pub struct arguments<'h50,'h42,'h43,'h44,'h45,'h46,'h47,'h48,'h49> {
   |                                          ^^^^ unused parameter
   |
   = help: consider removing `'h45`, referring to it in a field, or using a marker such as `PhantomData`

error[E0392]: parameter `'h46` is never used
  --> src/lib/printf_parse.rs:76:47
   |
76 | pub struct arguments<'h50,'h42,'h43,'h44,'h45,'h46,'h47,'h48,'h49> {
   |                                               ^^^^ unused parameter
   |
   = help: consider removing `'h46`, referring to it in a field, or using a marker such as `PhantomData`

error[E0392]: parameter `'h47` is never used
  --> src/lib/printf_parse.rs:76:52
   |
76 | pub struct arguments<'h50,'h42,'h43,'h44,'h45,'h46,'h47,'h48,'h49> {
   |                                                    ^^^^ unused parameter
   |
   = help: consider removing `'h47`, referring to it in a field, or using a marker such as `PhantomData`

error[E0392]: parameter `'h48` is never used
  --> src/lib/printf_parse.rs:76:57
   |
76 | pub struct arguments<'h50,'h42,'h43,'h44,'h45,'h46,'h47,'h48,'h49> {
   |                                                         ^^^^ unused parameter
   |
   = help: consider removing `'h48`, referring to it in a field, or using a marker such as `PhantomData`

error[E0392]: parameter `'h49` is never used
  --> src/lib/printf_parse.rs:76:62
   |
76 | pub struct arguments<'h50,'h42,'h43,'h44,'h45,'h46,'h47,'h48,'h49> {
   |                                                              ^^^^ unused parameter
   |
   = help: consider removing `'h49`, referring to it in a field, or using a marker such as `PhantomData`

error[E0392]: parameter `'h51` is never used
  --> src/lib/printf_parse.rs:98:28
   |
98 | pub struct char_directives<'h51,'h52,'h53,'h54,'h55,'h56,'h57> {
   |                            ^^^^ unused parameter
   |
   = help: consider removing `'h51`, referring to it in a field, or using a marker such as `PhantomData`

error[E0392]: parameter `'h52` is never used
  --> src/lib/printf_parse.rs:98:33
   |
98 | pub struct char_directives<'h51,'h52,'h53,'h54,'h55,'h56,'h57> {
   |                                 ^^^^ unused parameter
   |
   = help: consider removing `'h52`, referring to it in a field, or using a marker such as `PhantomData`

error[E0392]: parameter `'h53` is never used
  --> src/lib/printf_parse.rs:98:38
   |
98 | pub struct char_directives<'h51,'h52,'h53,'h54,'h55,'h56,'h57> {
   |                                      ^^^^ unused parameter
   |
   = help: consider removing `'h53`, referring to it in a field, or using a marker such as `PhantomData`

error[E0392]: parameter `'h54` is never used
  --> src/lib/printf_parse.rs:98:43
   |
98 | pub struct char_directives<'h51,'h52,'h53,'h54,'h55,'h56,'h57> {
   |                                           ^^^^ unused parameter
   |
   = help: consider removing `'h54`, referring to it in a field, or using a marker such as `PhantomData`

error[E0392]: parameter `'h55` is never used
  --> src/lib/printf_parse.rs:98:48
   |
98 | pub struct char_directives<'h51,'h52,'h53,'h54,'h55,'h56,'h57> {
   |                                                ^^^^ unused parameter
   |
   = help: consider removing `'h55`, referring to it in a field, or using a marker such as `PhantomData`

error[E0392]: parameter `'h56` is never used
  --> src/lib/printf_parse.rs:98:53
   |
98 | pub struct char_directives<'h51,'h52,'h53,'h54,'h55,'h56,'h57> {
   |                                                     ^^^^ unused parameter
   |
   = help: consider removing `'h56`, referring to it in a field, or using a marker such as `PhantomData`

error[E0392]: parameter `'h60` is never used
   --> src/lib/sig_handler.rs:111:37
    |
111 | pub union C2RustUnnamed_9<'h65,'h66,'h60,'h62,'h61,'h63,'h64> {
    |                                     ^^^^ unused parameter
    |
    = help: consider removing `'h60`, referring to it in a field, or using a marker such as `PhantomData`

error[E0392]: parameter `'h62` is never used
   --> src/lib/sig_handler.rs:111:42
    |
111 | pub union C2RustUnnamed_9<'h65,'h66,'h60,'h62,'h61,'h63,'h64> {
    |                                          ^^^^ unused parameter
    |
    = help: consider removing `'h62`, referring to it in a field, or using a marker such as `PhantomData`

error[E0392]: parameter `'h61` is never used
   --> src/lib/sig_handler.rs:111:47
    |
111 | pub union C2RustUnnamed_9<'h65,'h66,'h60,'h62,'h61,'h63,'h64> {
    |                                               ^^^^ unused parameter
    |
    = help: consider removing `'h61`, referring to it in a field, or using a marker such as `PhantomData`

error[E0392]: parameter `'h63` is never used
   --> src/lib/sig_handler.rs:111:52
    |
111 | pub union C2RustUnnamed_9<'h65,'h66,'h60,'h62,'h61,'h63,'h64> {
    |                                                    ^^^^ unused parameter
    |
    = help: consider removing `'h63`, referring to it in a field, or using a marker such as `PhantomData`

error[E0392]: parameter `'h64` is never used
   --> src/lib/sig_handler.rs:111:57
    |
111 | pub union C2RustUnnamed_9<'h65,'h66,'h60,'h62,'h61,'h63,'h64> {
    |                                                         ^^^^ unused parameter
    |
    = help: consider removing `'h64`, referring to it in a field, or using a marker such as `PhantomData`

error[E0277]: `Cell<ct_data>` cannot be shared between threads safely
   --> src/trees.rs:153:16
    |
153 | static l_desc: tree_desc = unsafe {
    |                ^^^^^^^^^ `Cell<ct_data>` cannot be shared between threads safely
    |
    = help: within `tree_desc<'static, 'static, 'static>`, the trait `Sync` is not implemented for `Cell<ct_data>`
    = note: required because it appears within the type `[Cell<ct_data>]`
    = note: required because it appears within the type `&'static [Cell<ct_data>]`
note: required because it appears within the type `tree_desc<'static, 'static, 'static>`
   --> src/trees.rs:40:12
    |
40  | pub struct tree_desc<'h71,'h72,'h73> {
    |            ^^^^^^^^^
    = note: shared static variables must have a type that implements `Sync`

error[E0277]: `Cell<ct_data>` cannot be shared between threads safely
   --> src/trees.rs:167:16
    |
167 | static d_desc: tree_desc = unsafe {
    |                ^^^^^^^^^ `Cell<ct_data>` cannot be shared between threads safely
    |
    = help: within `tree_desc<'static, 'static, 'static>`, the trait `Sync` is not implemented for `Cell<ct_data>`
    = note: required because it appears within the type `[Cell<ct_data>]`
    = note: required because it appears within the type `&'static [Cell<ct_data>]`
note: required because it appears within the type `tree_desc<'static, 'static, 'static>`
   --> src/trees.rs:40:12
    |
40  | pub struct tree_desc<'h71,'h72,'h73> {
    |            ^^^^^^^^^
    = note: shared static variables must have a type that implements `Sync`

error[E0277]: `*const i8` cannot be shared between threads safely
 --> src/version.rs:3:17
  |
3 | static Version: *const libc::c_char = b"1.10\0" as *const u8
  |                 ^^^^^^^^^^^^^^^^^^^ `*const i8` cannot be shared between threads safely
  |
  = help: the trait `Sync` is not implemented for `*const i8`
  = note: shared static variables must have a type that implements `Sync`

Some errors have detailed explanations: E0106, E0277, E0392, E0433.
For more information about an error, try `rustc --explain E0106`.
warning: `rust_dir` (lib) generated 153 warnings
error: could not compile `rust_dir` due to 65 previous errors; 153 warnings emitted
